Build started 4/8/2021 4:38:41 PM.
     1>Project "c:\Users\administrator\documents\visual studio 2010\Projects\hashing\hashing\hashing.vcxproj" on node 2 (build target(s)).
     1>InitializeBuildStatus:
         Creating "Debug\hashing.unsuccessfulbuild" because "AlwaysCreate" was specified.
       ClCompile:
         All outputs are up-to-date.
         c:\Program Files (x86)\Microsoft Visual Studio 10.0\VC\bin\CL.exe /c /ZI /nologo /W3 /WX- /Od /Oy- /D WIN32 /D _DEBUG /D _CONSOLE /D _UNICODE /D UNICODE /Gm /EHsc /RTC1 /MDd /GS /fp:precise /Zc:wchar_t /Zc:forScope /Yu"StdAfx.h" /Fp"Debug\hashing.pch" /Fo"Debug\\" /Fd"Debug\vc100.pdb" /Gd /TP /analyze- /errorReport:prompt hashing.cpp
         hashing.cpp
     1>c:\users\administrator\documents\visual studio 2010\projects\hashing\hashing\hashing.cpp(87): warning C4715: 'sortList' : not all control paths return a value
       ManifestResourceCompile:
         All outputs are up-to-date.
       Link:
         c:\Program Files (x86)\Microsoft Visual Studio 10.0\VC\bin\link.exe /ERRORREPORT:PROMPT /OUT:"c:\users\administrator\documents\visual studio 2010\Projects\hashing\Debug\hashing.exe" /INCREMENTAL /NOLOGO kernel32.lib user32.lib gdi32.lib winspool.lib comdlg32.lib advapi32.lib shell32.lib ole32.lib oleaut32.lib uuid.lib odbc32.lib odbccp32.lib /MANIFEST /ManifestFile:"Debug\hashing.exe.intermediate.manifest" /MANIFESTUAC:"level='asInvoker' uiAccess='false'" /DEBUG /PDB:"c:\users\administrator\documents\visual studio 2010\Projects\hashing\Debug\hashing.pdb" /SUBSYSTEM:CONSOLE /TLBID:1 /DYNAMICBASE /NXCOMPAT /IMPLIB:"c:\users\administrator\documents\visual studio 2010\Projects\hashing\Debug\hashing.lib" /MACHINE:X86 Debug\hashing.exe.embed.manifest.res
         Debug\hashing.obj
         Debug\stdafx.obj
       Manifest:
         c:\Program Files (x86)\Microsoft SDKs\Windows\v7.0A\bin\mt.exe /nologo /verbose /out:"Debug\hashing.exe.embed.manifest" /manifest Debug\hashing.exe.intermediate.manifest
         All outputs are up-to-date.
       LinkEmbedManifest:
         All outputs are up-to-date.
         hashing.vcxproj -> c:\users\administrator\documents\visual studio 2010\Projects\hashing\Debug\hashing.exe
       FinalizeBuildStatus:
         Deleting file "Debug\hashing.unsuccessfulbuild".
         Touching "Debug\hashing.lastbuildstate".
     1>Done Building Project "c:\Users\administrator\documents\visual studio 2010\Projects\hashing\hashing\hashing.vcxproj" (build target(s)).

Build succeeded.

Time Elapsed 00:00:00.70
